J
1.00000008 0.        
1.69212838e+00 8.90953977e-04
2.86616286 0.00301426
4.84991769 0.00766609
8.20667978 0.01729727
13.9006584   0.03658185
23.5216957   0.07434053
39.80171748  0.14677148
67.41700531  0.28421709
114.07825795   0.5406342 
193.03492138   1.01678665
326.64004834   1.89182003
553.26978554   3.49693607
936.20329267   6.41193765
1584.17776674   11.68132258
2683.31348252   21.20259524
4540.51019005   38.27835826
7683.12133914   68.79758985
13013.84600083   123.35021893
22021.09499194   220.46151571
R
-1.953040363014691e-05
2.411157504311756e-05
-0.00015229720091913812
-0.00010633694636796864
0.00010163050071343438
-0.0007666071807439501
-0.0005280651634098632
0.00042122514335085626
-0.003815980759601878
-0.00270887467378067
0.0017621996679189067
0.013723737093989996
-0.013910438065785513
0.007229865362589294
0.06431416803269485
-0.0712556749249984
0.028664391618519858
0.3011028444859676
-0.3638680813337487
0.10805228252911547
